2023-11-21 20:33:16,287 [Worker-1: Loading available Gradle versions] INFO  o.e.b.c.i.u.g.PublishedGradleVersions - Gradle version information cache is out-of-date. Trying to update.
2023-11-21 20:54:59,701 [Worker-14: Import Getting Started Content] INFO  o.e.m.c.i.l.LifecycleMappingFactory - Using org.eclipse.m2e.jdt.JarLifecycleMapping lifecycle mapping for MavenProject: com.example:EmployeeCrudOperation:0.0.1-SNAPSHOT @ E:\Java Guides\EmployeeCrudOperation\pom.xml.
2023-11-21 20:55:05,709 [Worker-14: Import Getting Started Content] INFO  o.e.m.j.i.AbstractJavaProjectConfigurator - Adding source folder /EmployeeCrudOperation/src/main/java
2023-11-21 20:55:05,710 [Worker-14: Import Getting Started Content] INFO  o.e.m.j.i.AbstractJavaProjectConfigurator - Adding resource folder /EmployeeCrudOperation/src/main/resources
2023-11-21 20:55:05,719 [Worker-14: Import Getting Started Content] INFO  o.e.m.j.i.AbstractJavaProjectConfigurator - Adding resource folder /EmployeeCrudOperation/src/main/resources
2023-11-21 20:55:05,729 [Worker-14: Import Getting Started Content] INFO  o.e.m.j.i.AbstractJavaProjectConfigurator - Adding source folder /EmployeeCrudOperation/src/test/java
2023-11-21 20:55:13,698 [Worker-14: Import Getting Started Content] INFO  o.e.m.c.i.p.ProjectConfigurationManager - Imported and configured 1 project(s) in 19 sec
2023-11-21 20:55:13,705 [Worker-14: Import Getting Started Content] INFO  o.e.m.c.i.p.ProjectConfigurationManager - Update started
2023-11-21 20:55:17,087 [Worker-14: Import Getting Started Content] INFO  o.e.m.c.i.l.LifecycleMappingFactory - Using org.eclipse.m2e.jdt.JarLifecycleMapping lifecycle mapping for MavenProject: com.example:EmployeeCrudOperation:0.0.1-SNAPSHOT @ E:\Java Guides\EmployeeCrudOperation\pom.xml.
2023-11-21 20:55:21,747 [Worker-14: Import Getting Started Content] INFO  o.e.m.j.i.AbstractJavaProjectConfigurator - Adding source folder /EmployeeCrudOperation/src/main/java
2023-11-21 20:55:21,760 [Worker-14: Import Getting Started Content] INFO  o.e.m.j.i.AbstractJavaProjectConfigurator - Adding resource folder /EmployeeCrudOperation/src/main/resources
2023-11-21 20:55:21,762 [Worker-14: Import Getting Started Content] INFO  o.e.m.j.i.AbstractJavaProjectConfigurator - Adding resource folder /EmployeeCrudOperation/src/main/resources
2023-11-21 20:55:21,764 [Worker-14: Import Getting Started Content] INFO  o.e.m.j.i.AbstractJavaProjectConfigurator - Adding source folder /EmployeeCrudOperation/src/test/java
2023-11-21 20:55:24,486 [Worker-14: Import Getting Started Content] INFO  o.e.m.c.i.p.ProjectConfigurationManager - Update completed for 1 poms: local refresh takes 0.00 sec, refresh facades takes 7.00 sec, update config takes 1.00 sec 
2023-11-21 20:55:24,773 [Worker-13: Updating Maven Project] INFO  o.e.m.c.i.p.ProjectConfigurationManager - Update started
2023-11-21 20:55:26,298 [Worker-13: Updating Maven Project] INFO  o.e.m.c.i.l.LifecycleMappingFactory - Using org.eclipse.m2e.jdt.JarLifecycleMapping lifecycle mapping for MavenProject: com.example:EmployeeCrudOperation:0.0.1-SNAPSHOT @ E:\Java Guides\EmployeeCrudOperation\pom.xml.
2023-11-21 20:55:28,431 [Worker-13: Updating Maven Project] INFO  o.e.m.j.i.AbstractJavaProjectConfigurator - Adding source folder /EmployeeCrudOperation/src/main/java
2023-11-21 20:55:28,431 [Worker-13: Updating Maven Project] INFO  o.e.m.j.i.AbstractJavaProjectConfigurator - Adding resource folder /EmployeeCrudOperation/src/main/resources
2023-11-21 20:55:28,432 [Worker-13: Updating Maven Project] INFO  o.e.m.j.i.AbstractJavaProjectConfigurator - Adding resource folder /EmployeeCrudOperation/src/main/resources
2023-11-21 20:55:28,433 [Worker-13: Updating Maven Project] INFO  o.e.m.j.i.AbstractJavaProjectConfigurator - Adding source folder /EmployeeCrudOperation/src/test/java
2023-11-21 20:55:29,210 [Worker-13: Updating Maven Project] INFO  o.e.m.c.i.p.ProjectConfigurationManager - Update completed for 1 poms: local refresh takes 0.00 sec, refresh facades takes 3.00 sec, update config takes 0.00 sec 
2023-11-21 20:55:30,343 [Worker-20: Building] INFO  o.a.m.s.f.DefaultMavenResourcesFiltering - Copying 1 resource from src\main\resources to target\classes
2023-11-21 20:55:30,372 [Worker-20: Building] INFO  o.a.m.s.f.DefaultMavenResourcesFiltering - Copying 0 resource from src\main\resources to target\classes
2023-11-21 20:55:30,377 [Worker-20: Building] INFO  o.a.m.s.f.DefaultMavenResourcesFiltering - skip non existing resourceDirectory E:\Java Guides\EmployeeCrudOperation\src\test\resources
2023-11-21 21:19:24,777 [Worker-5: Loading available Gradle versions] INFO  o.e.b.c.i.u.g.PublishedGradleVersions - Gradle version information cache is up-to-date. Trying to read.
2023-11-21 21:22:47,133 [Worker-5: Launching EmployeeCrudOperation - EmployeeCrudOperationApplication] ERROR o.e.m.c.i.URLConnectionCaches - Unexpected URLConnection defaultUseCaches enabled
2023-11-21 21:22:47,436 [Worker-5: Launching EmployeeCrudOperation - EmployeeCrudOperationApplication] INFO  o.a.m.s.f.DefaultMavenResourcesFiltering - Copying 1 resource from src\main\resources to target\classes
2023-11-21 21:22:47,463 [Worker-5: Launching EmployeeCrudOperation - EmployeeCrudOperationApplication] INFO  o.a.m.s.f.DefaultMavenResourcesFiltering - Copying 0 resource from src\main\resources to target\classes
2023-11-21 21:22:47,468 [Worker-5: Launching EmployeeCrudOperation - EmployeeCrudOperationApplication] INFO  o.a.m.s.f.DefaultMavenResourcesFiltering - skip non existing resourceDirectory E:\Java Guides\EmployeeCrudOperation\src\test\resources
2023-11-21 21:23:36,071 [Worker-6: Building] ERROR o.e.m.c.i.URLConnectionCaches - Unexpected URLConnection defaultUseCaches enabled
2023-11-21 21:28:48,747 [Worker-16: Building] ERROR o.e.m.c.i.URLConnectionCaches - Unexpected URLConnection defaultUseCaches enabled
2023-11-21 21:28:59,776 [Worker-5: Building] ERROR o.e.m.c.i.URLConnectionCaches - Unexpected URLConnection defaultUseCaches enabled
2023-11-21 21:29:17,297 [Worker-6: Building] ERROR o.e.m.c.i.URLConnectionCaches - Unexpected URLConnection defaultUseCaches enabled
2023-11-21 21:29:40,193 [Worker-16: Building] ERROR o.e.m.c.i.URLConnectionCaches - Unexpected URLConnection defaultUseCaches enabled
2023-11-21 21:30:15,176 [Worker-5: Building] ERROR o.e.m.c.i.URLConnectionCaches - Unexpected URLConnection defaultUseCaches enabled
2023-11-21 21:30:15,434 [Worker-5: Building] INFO  o.a.m.s.f.DefaultMavenResourcesFiltering - Copying 1 resource from src\main\resources to target\classes
2023-11-21 21:30:15,722 [Worker-5: Building] INFO  o.a.m.s.f.DefaultMavenResourcesFiltering - Copying 0 resource from src\main\resources to target\classes
2023-11-21 21:30:15,745 [Worker-5: Building] INFO  o.a.m.s.f.DefaultMavenResourcesFiltering - skip non existing resourceDirectory E:\Java Guides\EmployeeCrudOperation\src\test\resources
2023-11-21 21:30:18,670 [Worker-7: Building] ERROR o.e.m.c.i.URLConnectionCaches - Unexpected URLConnection defaultUseCaches enabled
2023-11-21 21:30:18,694 [Worker-7: Building] INFO  o.a.m.s.f.DefaultMavenResourcesFiltering - Copying 1 resource from src\main\resources to target\classes
2023-11-21 21:30:18,748 [Worker-7: Building] INFO  o.a.m.s.f.DefaultMavenResourcesFiltering - Copying 0 resource from src\main\resources to target\classes
2023-11-21 21:30:18,756 [Worker-7: Building] INFO  o.a.m.s.f.DefaultMavenResourcesFiltering - skip non existing resourceDirectory E:\Java Guides\EmployeeCrudOperation\src\test\resources
2023-11-21 21:34:12,323 [Start Help Server] INFO  org.eclipse.jetty.server.Server - jetty-10.0.13; built: 2022-12-07T20:13:20.134Z; git: 1c2636ea05c0ca8de1ffd6ca7f3a98ac084c766d; jvm 17.0.6+10
2023-11-21 21:34:12,414 [Start Help Server] INFO  o.e.j.s.s.DefaultSessionIdManager - Session workerName=node0
2023-11-21 21:34:12,521 [Start Help Server] INFO  o.e.j.server.handler.ContextHandler - Started o.e.j.s.ServletContextHandler@310a4f14{/help,null,AVAILABLE}
2023-11-21 21:34:12,620 [Start Help Server] INFO  o.e.jetty.server.AbstractConnector - Started ServerConnector@6004b33d{HTTP/1.1, (http/1.1)}{127.0.0.1:49297}
2023-11-21 21:34:12,633 [Start Help Server] INFO  org.eclipse.jetty.server.Server - Started Server@5288a762{STARTING}[10.0.13,sto=0] @934747ms
2023-11-21 21:42:02,023 [Worker-23: Building] ERROR o.e.m.c.i.URLConnectionCaches - Unexpected URLConnection defaultUseCaches enabled
2023-11-21 21:42:02,089 [Worker-23: Building] INFO  o.a.m.s.f.DefaultMavenResourcesFiltering - Copying 1 resource from src\main\resources to target\classes
2023-11-21 21:42:02,183 [Worker-23: Building] INFO  o.a.m.s.f.DefaultMavenResourcesFiltering - Copying 0 resource from src\main\resources to target\classes
2023-11-21 21:42:02,208 [Worker-23: Building] INFO  o.a.m.s.f.DefaultMavenResourcesFiltering - skip non existing resourceDirectory E:\Java Guides\EmployeeCrudOperation\src\test\resources
2023-11-22 07:37:37,349 [Worker-21: Building] ERROR o.e.m.c.i.URLConnectionCaches - Unexpected URLConnection defaultUseCaches enabled
2023-11-22 07:37:37,689 [Worker-21: Building] INFO  o.a.m.s.f.DefaultMavenResourcesFiltering - Copying 1 resource from src\main\resources to target\classes
2023-11-22 07:37:37,788 [Worker-21: Building] INFO  o.a.m.s.f.DefaultMavenResourcesFiltering - Copying 0 resource from src\main\resources to target\classes
2023-11-22 07:37:37,799 [Worker-21: Building] INFO  o.a.m.s.f.DefaultMavenResourcesFiltering - skip non existing resourceDirectory E:\Java Guides\EmployeeCrudOperation\src\test\resources
2023-11-22 07:37:41,269 [Stop Help Server] INFO  org.eclipse.jetty.server.Server - Stopped Server@5288a762{STOPPING}[10.0.13,sto=0]
2023-11-22 07:37:41,336 [Stop Help Server] INFO  o.e.jetty.server.AbstractConnector - Stopped ServerConnector@6004b33d{HTTP/1.1, (http/1.1)}{127.0.0.1:0}
2023-11-22 07:37:41,436 [Stop Help Server] INFO  o.e.j.server.handler.ContextHandler - Stopped o.e.j.s.ServletContextHandler@310a4f14{/help,null,STOPPED}
2023-11-22 13:00:10,012 [Worker-0: Loading available Gradle versions] INFO  o.e.b.c.i.u.g.PublishedGradleVersions - Gradle version information cache is up-to-date. Trying to read.
2023-11-22 13:02:29,704 [Worker-4: Building] INFO  o.a.m.s.f.DefaultMavenResourcesFiltering - Copying 1 resource from src\main\resources to target\classes
2023-11-22 13:02:30,093 [Worker-4: Building] INFO  o.a.m.s.f.DefaultMavenResourcesFiltering - Copying 0 resource from src\main\resources to target\classes
2023-11-22 13:02:30,097 [Worker-4: Building] INFO  o.a.m.s.f.DefaultMavenResourcesFiltering - skip non existing resourceDirectory E:\CDAC Project\Backend\EmployeeCrudOperation\src\test\resources
2023-11-22 13:08:21,207 [Worker-15: Building] INFO  o.a.m.s.f.DefaultMavenResourcesFiltering - Copying 1 resource from src\main\resources to target\classes
2023-11-22 13:08:21,405 [Worker-15: Building] INFO  o.a.m.s.f.DefaultMavenResourcesFiltering - Copying 0 resource from src\main\resources to target\classes
2023-11-22 13:08:21,422 [Worker-15: Building] INFO  o.a.m.s.f.DefaultMavenResourcesFiltering - skip non existing resourceDirectory E:\CDAC Project\Backend\EmployeeCrudOperation\src\test\resources
2023-11-22 13:16:51,983 [Worker-16: Launching EmployeeCrudOperation - EmployeeCrudOperationApplication] INFO  o.a.m.s.f.DefaultMavenResourcesFiltering - Copying 1 resource from src\main\resources to target\classes
2023-11-22 13:16:52,071 [Worker-16: Launching EmployeeCrudOperation - EmployeeCrudOperationApplication] INFO  o.a.m.s.f.DefaultMavenResourcesFiltering - Copying 0 resource from src\main\resources to target\classes
2023-11-22 13:16:52,086 [Worker-16: Launching EmployeeCrudOperation - EmployeeCrudOperationApplication] INFO  o.a.m.s.f.DefaultMavenResourcesFiltering - skip non existing resourceDirectory E:\CDAC Project\Backend\EmployeeCrudOperation\src\test\resources
2023-11-22 13:31:28,284 [Worker-24: Launching EmployeeCrudOperation - EmployeeCrudOperationApplication] INFO  o.a.m.s.f.DefaultMavenResourcesFiltering - Copying 1 resource from src\main\resources to target\classes
2023-11-22 13:31:28,450 [Worker-24: Launching EmployeeCrudOperation - EmployeeCrudOperationApplication] INFO  o.a.m.s.f.DefaultMavenResourcesFiltering - Copying 0 resource from src\main\resources to target\classes
2023-11-22 13:31:28,475 [Worker-24: Launching EmployeeCrudOperation - EmployeeCrudOperationApplication] INFO  o.a.m.s.f.DefaultMavenResourcesFiltering - skip non existing resourceDirectory E:\CDAC Project\Backend\EmployeeCrudOperation\src\test\resources
2023-11-22 13:32:56,218 [Worker-27: Building] INFO  o.a.m.s.f.DefaultMavenResourcesFiltering - Copying 1 resource from src\main\resources to target\classes
2023-11-22 13:32:56,362 [Worker-27: Building] INFO  o.a.m.s.f.DefaultMavenResourcesFiltering - Copying 0 resource from src\main\resources to target\classes
2023-11-22 13:32:56,369 [Worker-27: Building] INFO  o.a.m.s.f.DefaultMavenResourcesFiltering - skip non existing resourceDirectory E:\CDAC Project\Backend\EmployeeCrudOperation\src\test\resources
2023-11-22 13:41:51,644 [Worker-32: Launching EmployeeCrudOperation - EmployeeCrudOperationApplication] INFO  o.a.m.s.f.DefaultMavenResourcesFiltering - Copying 1 resource from src\main\resources to target\classes
2023-11-22 13:41:51,942 [Worker-32: Launching EmployeeCrudOperation - EmployeeCrudOperationApplication] INFO  o.a.m.s.f.DefaultMavenResourcesFiltering - Copying 0 resource from src\main\resources to target\classes
2023-11-22 13:41:51,949 [Worker-32: Launching EmployeeCrudOperation - EmployeeCrudOperationApplication] INFO  o.a.m.s.f.DefaultMavenResourcesFiltering - skip non existing resourceDirectory E:\CDAC Project\Backend\EmployeeCrudOperation\src\test\resources
2023-11-22 13:54:22,162 [Worker-42: Launching EmployeeCrudOperation - EmployeeCrudOperationApplication] INFO  o.a.m.s.f.DefaultMavenResourcesFiltering - Copying 1 resource from src\main\resources to target\classes
2023-11-22 13:54:22,321 [Worker-42: Launching EmployeeCrudOperation - EmployeeCrudOperationApplication] INFO  o.a.m.s.f.DefaultMavenResourcesFiltering - Copying 0 resource from src\main\resources to target\classes
2023-11-22 13:54:22,327 [Worker-42: Launching EmployeeCrudOperation - EmployeeCrudOperationApplication] INFO  o.a.m.s.f.DefaultMavenResourcesFiltering - skip non existing resourceDirectory E:\CDAC Project\Backend\EmployeeCrudOperation\src\test\resources
2023-11-22 14:00:26,031 [Worker-40: Building] INFO  o.a.m.s.f.DefaultMavenResourcesFiltering - Copying 1 resource from src\main\resources to target\classes
2023-11-22 14:00:26,144 [Worker-40: Building] INFO  o.a.m.s.f.DefaultMavenResourcesFiltering - Copying 0 resource from src\main\resources to target\classes
2023-11-22 14:00:26,221 [Worker-40: Building] INFO  o.a.m.s.f.DefaultMavenResourcesFiltering - skip non existing resourceDirectory E:\CDAC Project\Backend\EmployeeCrudOperation\src\test\resources
2023-11-22 14:01:39,796 [Worker-48: Building] INFO  o.a.m.s.f.DefaultMavenResourcesFiltering - Copying 1 resource from src\main\resources to target\classes
2023-11-22 14:01:39,893 [Worker-48: Building] INFO  o.a.m.s.f.DefaultMavenResourcesFiltering - Copying 0 resource from src\main\resources to target\classes
2023-11-22 14:01:39,898 [Worker-48: Building] INFO  o.a.m.s.f.DefaultMavenResourcesFiltering - skip non existing resourceDirectory E:\CDAC Project\Backend\EmployeeCrudOperation\src\test\resources
2023-12-10 15:41:17,372 [Worker-7: Loading available Gradle versions] INFO  o.e.b.c.i.u.g.PublishedGradleVersions - Gradle version information cache is out-of-date. Trying to update.
2023-12-11 14:57:19,244 [Worker-1: Loading available Gradle versions] INFO  o.e.b.c.i.u.g.PublishedGradleVersions - Gradle version information cache is up-to-date. Trying to read.
2023-12-11 14:59:43,538 [Worker-5: Building] INFO  o.a.m.s.f.DefaultMavenResourcesFiltering - Copying 1 resource from src\main\resources to target\classes
2023-12-11 14:59:43,681 [Worker-5: Building] INFO  o.a.m.s.f.DefaultMavenResourcesFiltering - Copying 0 resource from src\main\resources to target\classes
2023-12-11 14:59:43,692 [Worker-5: Building] INFO  o.a.m.s.f.DefaultMavenResourcesFiltering - skip non existing resourceDirectory E:\CDAC Project\Backend\EmployeeCrudOperation\src\test\resources
2023-12-11 15:07:52,993 [Worker-9: Launching EmployeeCrudOperation - EmployeeCrudOperationApplication] INFO  o.a.m.s.f.DefaultMavenResourcesFiltering - Copying 1 resource from src\main\resources to target\classes
2023-12-11 15:07:53,832 [Worker-9: Launching EmployeeCrudOperation - EmployeeCrudOperationApplication] INFO  o.a.m.s.f.DefaultMavenResourcesFiltering - Copying 0 resource from src\main\resources to target\classes
2023-12-11 15:07:53,860 [Worker-9: Launching EmployeeCrudOperation - EmployeeCrudOperationApplication] INFO  o.a.m.s.f.DefaultMavenResourcesFiltering - skip non existing resourceDirectory E:\CDAC Project\Backend\EmployeeCrudOperation\src\test\resources
2023-12-11 15:11:19,881 [Worker-19: Launching EmployeeCrudOperation - EmployeeCrudOperationApplication] INFO  o.a.m.s.f.DefaultMavenResourcesFiltering - Copying 1 resource from src\main\resources to target\classes
2023-12-11 15:11:20,054 [Worker-19: Launching EmployeeCrudOperation - EmployeeCrudOperationApplication] INFO  o.a.m.s.f.DefaultMavenResourcesFiltering - Copying 0 resource from src\main\resources to target\classes
2023-12-11 15:11:20,071 [Worker-19: Launching EmployeeCrudOperation - EmployeeCrudOperationApplication] INFO  o.a.m.s.f.DefaultMavenResourcesFiltering - skip non existing resourceDirectory E:\CDAC Project\Backend\EmployeeCrudOperation\src\test\resources
2023-12-11 15:13:03,390 [Worker-16: Building] INFO  o.a.m.s.f.DefaultMavenResourcesFiltering - Copying 1 resource from src\main\resources to target\classes
2023-12-11 15:13:03,740 [Worker-16: Building] INFO  o.a.m.s.f.DefaultMavenResourcesFiltering - Copying 0 resource from src\main\resources to target\classes
2023-12-11 15:13:03,769 [Worker-16: Building] INFO  o.a.m.s.f.DefaultMavenResourcesFiltering - skip non existing resourceDirectory E:\CDAC Project\Backend\EmployeeCrudOperation\src\test\resources
2023-12-11 15:22:12,310 [Start Help Server] INFO  org.eclipse.jetty.server.Server - jetty-10.0.13; built: 2022-12-07T20:13:20.134Z; git: 1c2636ea05c0ca8de1ffd6ca7f3a98ac084c766d; jvm 17.0.6+10
2023-12-11 15:22:12,383 [Start Help Server] INFO  o.e.j.s.s.DefaultSessionIdManager - Session workerName=node0
2023-12-11 15:22:12,456 [Start Help Server] INFO  o.e.j.server.handler.ContextHandler - Started o.e.j.s.ServletContextHandler@71634683{/help,null,AVAILABLE}
2023-12-11 15:22:12,568 [Start Help Server] INFO  o.e.jetty.server.AbstractConnector - Started ServerConnector@1cb31239{HTTP/1.1, (http/1.1)}{127.0.0.1:57296}
2023-12-11 15:22:12,608 [Start Help Server] INFO  org.eclipse.jetty.server.Server - Started Server@ffbb7c{STARTING}[10.0.13,sto=0] @1575448ms
2023-12-11 15:30:12,373 [Worker-16: Building] INFO  o.a.m.s.f.DefaultMavenResourcesFiltering - Copying 1 resource from src\main\resources to target\classes
2023-12-11 15:30:12,505 [Worker-16: Building] INFO  o.a.m.s.f.DefaultMavenResourcesFiltering - Copying 0 resource from src\main\resources to target\classes
2023-12-11 15:30:12,519 [Worker-16: Building] INFO  o.a.m.s.f.DefaultMavenResourcesFiltering - skip non existing resourceDirectory E:\CDAC Project\Backend\EmployeeCrudOperation\src\test\resources
2023-12-11 15:33:43,817 [Worker-33: Building] INFO  o.a.m.s.f.DefaultMavenResourcesFiltering - Copying 1 resource from src\main\resources to target\classes
2023-12-11 15:33:44,245 [Worker-33: Building] INFO  o.a.m.s.f.DefaultMavenResourcesFiltering - Copying 0 resource from src\main\resources to target\classes
2023-12-11 15:33:44,255 [Worker-33: Building] INFO  o.a.m.s.f.DefaultMavenResourcesFiltering - skip non existing resourceDirectory E:\CDAC Project\Backend\EmployeeCrudOperation\src\test\resources
2023-12-11 15:36:31,222 [Worker-29: Building] INFO  o.a.m.s.f.DefaultMavenResourcesFiltering - Copying 1 resource from src\main\resources to target\classes
2023-12-11 15:36:31,455 [Worker-29: Building] INFO  o.a.m.s.f.DefaultMavenResourcesFiltering - Copying 0 resource from src\main\resources to target\classes
2023-12-11 15:36:31,463 [Worker-29: Building] INFO  o.a.m.s.f.DefaultMavenResourcesFiltering - skip non existing resourceDirectory E:\CDAC Project\Backend\EmployeeCrudOperation\src\test\resources
2023-12-11 15:41:36,983 [Worker-32: Building] INFO  o.a.m.s.f.DefaultMavenResourcesFiltering - Copying 1 resource from src\main\resources to target\classes
2023-12-11 15:41:37,065 [Worker-32: Building] INFO  o.a.m.s.f.DefaultMavenResourcesFiltering - Copying 0 resource from src\main\resources to target\classes
2023-12-11 15:41:37,093 [Worker-32: Building] INFO  o.a.m.s.f.DefaultMavenResourcesFiltering - skip non existing resourceDirectory E:\CDAC Project\Backend\EmployeeCrudOperation\src\test\resources
2023-12-11 17:09:42,817 [Stop Help Server] INFO  org.eclipse.jetty.server.Server - Stopped Server@ffbb7c{STOPPING}[10.0.13,sto=0]
2023-12-11 17:09:42,976 [Stop Help Server] INFO  o.e.jetty.server.AbstractConnector - Stopped ServerConnector@1cb31239{HTTP/1.1, (http/1.1)}{127.0.0.1:0}
2023-12-11 17:09:43,047 [Stop Help Server] INFO  o.e.j.server.handler.ContextHandler - Stopped o.e.j.s.ServletContextHandler@71634683{/help,null,STOPPED}
2023-12-15 14:22:39,732 [Worker-3: Loading available Gradle versions] INFO  o.e.b.c.i.u.g.PublishedGradleVersions - Gradle version information cache is up-to-date. Trying to read.
2023-12-15 14:24:16,294 [Worker-3: Launching EmployeeCrudOperation - EmployeeCrudOperationApplication] INFO  o.a.m.s.f.DefaultMavenResourcesFiltering - Copying 1 resource from src\main\resources to target\classes
2023-12-15 14:24:16,676 [Worker-3: Launching EmployeeCrudOperation - EmployeeCrudOperationApplication] INFO  o.a.m.s.f.DefaultMavenResourcesFiltering - Copying 0 resource from src\main\resources to target\classes
2023-12-15 14:24:16,687 [Worker-3: Launching EmployeeCrudOperation - EmployeeCrudOperationApplication] INFO  o.a.m.s.f.DefaultMavenResourcesFiltering - skip non existing resourceDirectory E:\CDAC Project\Backend\EmployeeCrudOperation\src\test\resources
2023-12-15 14:26:31,200 [Worker-9: Building] INFO  o.a.m.s.f.DefaultMavenResourcesFiltering - Copying 1 resource from src\main\resources to target\classes
2023-12-15 14:26:31,305 [Worker-9: Building] INFO  o.a.m.s.f.DefaultMavenResourcesFiltering - Copying 0 resource from src\main\resources to target\classes
2023-12-15 14:26:31,313 [Worker-9: Building] INFO  o.a.m.s.f.DefaultMavenResourcesFiltering - skip non existing resourceDirectory E:\CDAC Project\Backend\EmployeeCrudOperation\src\test\resources
2023-12-15 19:17:36,583 [Worker-24: Building] INFO  o.a.m.s.f.DefaultMavenResourcesFiltering - Copying 1 resource from src\main\resources to target\classes
2023-12-15 19:17:36,971 [Worker-24: Building] INFO  o.a.m.s.f.DefaultMavenResourcesFiltering - Copying 0 resource from src\main\resources to target\classes
2023-12-15 19:17:37,006 [Worker-24: Building] INFO  o.a.m.s.f.DefaultMavenResourcesFiltering - skip non existing resourceDirectory E:\CDAC Project\Backend\EmployeeCrudOperation\src\test\resources
2023-12-15 19:19:54,672 [Worker-28: Building] INFO  o.a.m.s.f.DefaultMavenResourcesFiltering - Copying 1 resource from src\main\resources to target\classes
2023-12-15 19:19:54,873 [Worker-28: Building] INFO  o.a.m.s.f.DefaultMavenResourcesFiltering - Copying 0 resource from src\main\resources to target\classes
2023-12-15 19:19:54,894 [Worker-28: Building] INFO  o.a.m.s.f.DefaultMavenResourcesFiltering - skip non existing resourceDirectory E:\CDAC Project\Backend\EmployeeCrudOperation\src\test\resources
2023-12-15 19:20:10,578 [Worker-29: Building] INFO  o.a.m.s.f.DefaultMavenResourcesFiltering - Copying 1 resource from src\main\resources to target\classes
2023-12-15 19:20:10,754 [Worker-29: Building] INFO  o.a.m.s.f.DefaultMavenResourcesFiltering - Copying 0 resource from src\main\resources to target\classes
2023-12-15 19:20:10,898 [Worker-29: Building] INFO  o.a.m.s.f.DefaultMavenResourcesFiltering - skip non existing resourceDirectory E:\CDAC Project\Backend\EmployeeCrudOperation\src\test\resources
2023-12-15 19:25:05,697 [Worker-33: Building] INFO  o.a.m.s.f.DefaultMavenResourcesFiltering - Copying 1 resource from src\main\resources to target\classes
2023-12-15 19:25:05,994 [Worker-33: Building] INFO  o.a.m.s.f.DefaultMavenResourcesFiltering - Copying 0 resource from src\main\resources to target\classes
2023-12-15 19:25:06,007 [Worker-33: Building] INFO  o.a.m.s.f.DefaultMavenResourcesFiltering - skip non existing resourceDirectory E:\CDAC Project\Backend\EmployeeCrudOperation\src\test\resources
2023-12-15 19:53:03,644 [Worker-0: Loading available Gradle versions] INFO  o.e.b.c.i.u.g.PublishedGradleVersions - Gradle version information cache is up-to-date. Trying to read.
